2011-08-30 11:43:58 - Configured root: /Nina/hoanlong/upload could not be found.
2011-08-30 11:44:15 - Configured root: /Nina/hoanlong/upload could not be found.
2011-08-30 11:44:25 - Configured root: /Nina/hoanlong/upload could not be found.
2011-08-30 11:45:00 - Configured root: /nina/hoanlong/upload could not be found.
2011-08-30 11:45:31 - Configured root: /nina/hoanlong/upload could not be found.
2011-08-30 11:46:01 - Configured root: /nina/hoanlong/upload could not be found.
2011-08-30 11:46:28 - Configured root: /nina/hoanlong could not be found.
2011-08-30 11:47:03 - Configured root: /files could not be found.
2011-08-30 11:48:41 - Configured root: /upload could not be found.
2011-08-30 11:49:12 - Configured root: /upload could not be found.
2011-08-30 11:49:31 - Configured root: C:/AppServ/www/Nina/hoanlong/admin/tiny_mce/plugins/imagemanager/upload could not be found.
2011-08-30 11:50:24 - Configured root: /somedir1/somedir2 could not be found.
2011-08-30 11:51:10 - Configured root: /upload could not be found.
2011-08-30 11:51:27 - Configured root: C:/AppServ/www/Nina/hoanlong/admin/tiny_mce/plugins/imagemanager/upload could not be found.
2011-08-30 11:51:44 - Configured root: C:/AppServ/www/Nina/hoanlong/admin/tiny_mce/plugins/imagemanager/upload could not be found.
2011-08-30 11:52:21 - Configured root: C:/AppServ/www/Nina/hoanlong/admin/tiny_mce/plugins/imagemanager/upload could not be found.
2011-08-30 11:52:33 - Configured root: C:/AppServ/www/Nina/hoanlong/admin/tiny_mce/plugins/imagemanager/upload could not be found.
2011-11-10 15:02:25 - Configured root: C:/Inetpub/vhosts/shop4lady.vn/httpdocs/upload could not be found.
2011-11-10 15:02:50 - Configured root: C:/Inetpub/vhosts/shop4lady.vn/httpdocs/upload could not be found.
2012-06-20 12:20:21 - Configured root: C:/Inetpub/vhosts/shop4lady.vn/httpdocs/upload could not be found.
2012-06-20 12:20:46 - Configured root: C:/Inetpub/vhosts/shop4lady.vn/httpdocs/upload could not be found.
2012-06-20 12:21:03 - Configured root: /upload could not be found.
2012-06-20 12:21:20 - Configured root: /nina/thang6/gianhangdochoi/upload could not be found.
